{"/Users/tonyalvarez/Springboard/35. Express and PostgreSQL/35.3 Node PG OO/express-lunchly/__test_setup.js": {"path":"/Users/tonyalvarez/Springboard/35. Express and PostgreSQL/35.3 Node PG OO/express-lunchly/__test_setup.js","statementMap":{"0":{"start":{"line":1,"column":0},"end":{"line":1,"column":30}},"1":{"start":{"line":3,"column":11},"end":{"line":3,"column":26}},"2":{"start":{"line":6,"column":1},"end":{"line":25,"column":4}},"3":{"start":{"line":29,"column":0},"end":{"line":29,"column":27}}},"fnMap":{"0":{"name":"setUp","decl":{"start":{"line":5,"column":15},"end":{"line":5,"column":20}},"loc":{"start":{"line":5,"column":23},"end":{"line":27,"column":1}},"line":5}},"branchMap":{},"s":{"0":2,"1":2,"2":11,"3":2},"f":{"0":11},"b":{},"_coverageSchema":"1a1c01bbd47fc00a2c39e90264f33305004495a9","hash":"19703d5386495100d35af5af548ae2f04569c2ea"}
,"/Users/tonyalvarez/Springboard/35. Express and PostgreSQL/35.3 Node PG OO/express-lunchly/app.js": {"path":"/Users/tonyalvarez/Springboard/35. Express and PostgreSQL/35.3 Node PG OO/express-lunchly/app.js","statementMap":{"0":{"start":{"line":3,"column":16},"end":{"line":3,"column":34}},"1":{"start":{"line":4,"column":21},"end":{"line":4,"column":46}},"2":{"start":{"line":5,"column":17},"end":{"line":5,"column":36}},"3":{"start":{"line":6,"column":19},"end":{"line":6,"column":41}},"4":{"start":{"line":7,"column":15},"end":{"line":7,"column":34}},"5":{"start":{"line":9,"column":12},"end":{"line":9,"column":21}},"6":{"start":{"line":12,"column":0},"end":{"line":12,"column":52}},"7":{"start":{"line":14,"column":0},"end":{"line":17,"column":3}},"8":{"start":{"line":19,"column":0},"end":{"line":19,"column":16}},"9":{"start":{"line":23,"column":0},"end":{"line":29,"column":3}},"10":{"start":{"line":24,"column":24},"end":{"line":24,"column":63}},"11":{"start":{"line":25,"column":2},"end":{"line":25,"column":19}},"12":{"start":{"line":28,"column":2},"end":{"line":28,"column":29}},"13":{"start":{"line":33,"column":0},"end":{"line":39,"column":3}},"14":{"start":{"line":35,"column":14},"end":{"line":35,"column":31}},"15":{"start":{"line":36,"column":15},"end":{"line":36,"column":26}},"16":{"start":{"line":38,"column":1},"end":{"line":38,"column":64}},"17":{"start":{"line":41,"column":0},"end":{"line":41,"column":21}}},"fnMap":{"0":{"name":"(anonymous_0)","decl":{"start":{"line":23,"column":8},"end":{"line":23,"column":9}},"loc":{"start":{"line":23,"column":33},"end":{"line":29,"column":1}},"line":23},"1":{"name":"(anonymous_1)","decl":{"start":{"line":33,"column":8},"end":{"line":33,"column":9}},"loc":{"start":{"line":33,"column":33},"end":{"line":39,"column":1}},"line":33}},"branchMap":{"0":{"loc":{"start":{"line":35,"column":14},"end":{"line":35,"column":31}},"type":"binary-expr","locations":[{"start":{"line":35,"column":14},"end":{"line":35,"column":24}},{"start":{"line":35,"column":28},"end":{"line":35,"column":31}}],"line":35}},"s":{"0":2,"1":2,"2":2,"3":2,"4":2,"5":2,"6":2,"7":2,"8":2,"9":2,"10":0,"11":0,"12":0,"13":2,"14":0,"15":0,"16":0,"17":2},"f":{"0":0,"1":0},"b":{"0":[0,0]},"_coverageSchema":"1a1c01bbd47fc00a2c39e90264f33305004495a9","hash":"b59cbbd68c61502effcad40ab27b19c0ed8c2fa4"}
,"/Users/tonyalvarez/Springboard/35. Express and PostgreSQL/35.3 Node PG OO/express-lunchly/db.js": {"path":"/Users/tonyalvarez/Springboard/35. Express and PostgreSQL/35.3 Node PG OO/express-lunchly/db.js","statementMap":{"0":{"start":{"line":5,"column":19},"end":{"line":5,"column":32}},"1":{"start":{"line":8,"column":1},"end":{"line":10,"column":27}},"2":{"start":{"line":12,"column":9},"end":{"line":14,"column":2}},"3":{"start":{"line":16,"column":0},"end":{"line":16,"column":13}},"4":{"start":{"line":18,"column":0},"end":{"line":18,"column":20}}},"fnMap":{},"branchMap":{"0":{"loc":{"start":{"line":8,"column":1},"end":{"line":10,"column":27}},"type":"cond-expr","locations":[{"start":{"line":9,"column":4},"end":{"line":9,"column":32}},{"start":{"line":10,"column":4},"end":{"line":10,"column":27}}],"line":8}},"s":{"0":2,"1":2,"2":2,"3":2,"4":2},"f":{},"b":{"0":[2,0]},"_coverageSchema":"1a1c01bbd47fc00a2c39e90264f33305004495a9","hash":"f9f467460602ad8903bc4c6411757f830bc5c3c9"}
,"/Users/tonyalvarez/Springboard/35. Express and PostgreSQL/35.3 Node PG OO/express-lunchly/expressError.js": {"path":"/Users/tonyalvarez/Springboard/35. Express and PostgreSQL/35.3 Node PG OO/express-lunchly/expressError.js","statementMap":{"0":{"start":{"line":8,"column":2},"end":{"line":8,"column":10}},"1":{"start":{"line":9,"column":2},"end":{"line":9,"column":25}},"2":{"start":{"line":10,"column":2},"end":{"line":10,"column":23}},"3":{"start":{"line":11,"column":2},"end":{"line":11,"column":28}},"4":{"start":{"line":15,"column":0},"end":{"line":15,"column":34}}},"fnMap":{"0":{"name":"(anonymous_0)","decl":{"start":{"line":7,"column":1},"end":{"line":7,"column":2}},"loc":{"start":{"line":7,"column":30},"end":{"line":12,"column":2}},"line":7}},"branchMap":{},"s":{"0":0,"1":0,"2":0,"3":0,"4":2},"f":{"0":0},"b":{},"_coverageSchema":"1a1c01bbd47fc00a2c39e90264f33305004495a9","hash":"b923b925eab44d4eac01ca36a46efc377975e1e3"}
,"/Users/tonyalvarez/Springboard/35. Express and PostgreSQL/35.3 Node PG OO/express-lunchly/routes.js": {"path":"/Users/tonyalvarez/Springboard/35. Express and PostgreSQL/35.3 Node PG OO/express-lunchly/routes.js","statementMap":{"0":{"start":{"line":3,"column":16},"end":{"line":3,"column":34}},"1":{"start":{"line":5,"column":17},"end":{"line":5,"column":45}},"2":{"start":{"line":6,"column":20},"end":{"line":6,"column":51}},"3":{"start":{"line":8,"column":15},"end":{"line":8,"column":35}},"4":{"start":{"line":12,"column":0},"end":{"line":19,"column":3}},"5":{"start":{"line":13,"column":2},"end":{"line":18,"column":3}},"6":{"start":{"line":14,"column":22},"end":{"line":14,"column":42}},"7":{"start":{"line":15,"column":4},"end":{"line":15,"column":59}},"8":{"start":{"line":17,"column":4},"end":{"line":17,"column":21}},"9":{"start":{"line":23,"column":0},"end":{"line":29,"column":3}},"10":{"start":{"line":24,"column":2},"end":{"line":28,"column":3}},"11":{"start":{"line":25,"column":4},"end":{"line":25,"column":48}},"12":{"start":{"line":27,"column":4},"end":{"line":27,"column":21}},"13":{"start":{"line":33,"column":0},"end":{"line":47,"column":3}},"14":{"start":{"line":34,"column":2},"end":{"line":46,"column":3}},"15":{"start":{"line":35,"column":22},"end":{"line":35,"column":40}},"16":{"start":{"line":36,"column":21},"end":{"line":36,"column":38}},"17":{"start":{"line":37,"column":18},"end":{"line":37,"column":32}},"18":{"start":{"line":38,"column":18},"end":{"line":38,"column":32}},"19":{"start":{"line":40,"column":21},"end":{"line":40,"column":72}},"20":{"start":{"line":41,"column":4},"end":{"line":41,"column":26}},"21":{"start":{"line":43,"column":4},"end":{"line":43,"column":44}},"22":{"start":{"line":45,"column":4},"end":{"line":45,"column":21}},"23":{"start":{"line":51,"column":0},"end":{"line":61,"column":3}},"24":{"start":{"line":52,"column":2},"end":{"line":60,"column":3}},"25":{"start":{"line":53,"column":21},"end":{"line":53,"column":54}},"26":{"start":{"line":55,"column":25},"end":{"line":55,"column":57}},"27":{"start":{"line":57,"column":4},"end":{"line":57,"column":74}},"28":{"start":{"line":59,"column":4},"end":{"line":59,"column":21}},"29":{"start":{"line":65,"column":0},"end":{"line":73,"column":3}},"30":{"start":{"line":66,"column":2},"end":{"line":72,"column":3}},"31":{"start":{"line":67,"column":21},"end":{"line":67,"column":54}},"32":{"start":{"line":69,"column":4},"end":{"line":69,"column":56}},"33":{"start":{"line":71,"column":4},"end":{"line":71,"column":21}},"34":{"start":{"line":77,"column":0},"end":{"line":90,"column":3}},"35":{"start":{"line":78,"column":2},"end":{"line":89,"column":3}},"36":{"start":{"line":79,"column":21},"end":{"line":79,"column":54}},"37":{"start":{"line":80,"column":4},"end":{"line":80,"column":44}},"38":{"start":{"line":81,"column":4},"end":{"line":81,"column":42}},"39":{"start":{"line":82,"column":4},"end":{"line":82,"column":36}},"40":{"start":{"line":83,"column":4},"end":{"line":83,"column":36}},"41":{"start":{"line":84,"column":4},"end":{"line":84,"column":26}},"42":{"start":{"line":86,"column":4},"end":{"line":86,"column":44}},"43":{"start":{"line":88,"column":4},"end":{"line":88,"column":21}},"44":{"start":{"line":94,"column":0},"end":{"line":113,"column":3}},"45":{"start":{"line":95,"column":2},"end":{"line":112,"column":3}},"46":{"start":{"line":96,"column":23},"end":{"line":96,"column":36}},"47":{"start":{"line":97,"column":20},"end":{"line":97,"column":46}},"48":{"start":{"line":98,"column":22},"end":{"line":98,"column":40}},"49":{"start":{"line":99,"column":18},"end":{"line":99,"column":32}},"50":{"start":{"line":101,"column":24},"end":{"line":106,"column":6}},"51":{"start":{"line":107,"column":4},"end":{"line":107,"column":29}},"52":{"start":{"line":109,"column":4},"end":{"line":109,"column":43}},"53":{"start":{"line":111,"column":4},"end":{"line":111,"column":21}},"54":{"start":{"line":115,"column":0},"end":{"line":115,"column":24}}},"fnMap":{"0":{"name":"(anonymous_0)","decl":{"start":{"line":12,"column":16},"end":{"line":12,"column":17}},"loc":{"start":{"line":12,"column":47},"end":{"line":19,"column":1}},"line":12},"1":{"name":"(anonymous_1)","decl":{"start":{"line":23,"column":20},"end":{"line":23,"column":21}},"loc":{"start":{"line":23,"column":51},"end":{"line":29,"column":1}},"line":23},"2":{"name":"(anonymous_2)","decl":{"start":{"line":33,"column":21},"end":{"line":33,"column":22}},"loc":{"start":{"line":33,"column":52},"end":{"line":47,"column":1}},"line":33},"3":{"name":"(anonymous_3)","decl":{"start":{"line":51,"column":20},"end":{"line":51,"column":21}},"loc":{"start":{"line":51,"column":51},"end":{"line":61,"column":1}},"line":51},"4":{"name":"(anonymous_4)","decl":{"start":{"line":65,"column":25},"end":{"line":65,"column":26}},"loc":{"start":{"line":65,"column":56},"end":{"line":73,"column":1}},"line":65},"5":{"name":"(anonymous_5)","decl":{"start":{"line":77,"column":26},"end":{"line":77,"column":27}},"loc":{"start":{"line":77,"column":57},"end":{"line":90,"column":1}},"line":77},"6":{"name":"(anonymous_6)","decl":{"start":{"line":94,"column":37},"end":{"line":94,"column":38}},"loc":{"start":{"line":94,"column":68},"end":{"line":113,"column":1}},"line":94}},"branchMap":{},"s":{"0":2,"1":2,"2":2,"3":2,"4":2,"5":0,"6":0,"7":0,"8":0,"9":2,"10":0,"11":0,"12":0,"13":2,"14":0,"15":0,"16":0,"17":0,"18":0,"19":0,"20":0,"21":0,"22":0,"23":2,"24":0,"25":0,"26":0,"27":0,"28":0,"29":2,"30":0,"31":0,"32":0,"33":0,"34":2,"35":0,"36":0,"37":0,"38":0,"39":0,"40":0,"41":0,"42":0,"43":0,"44":2,"45":0,"46":0,"47":0,"48":0,"49":0,"50":0,"51":0,"52":0,"53":0,"54":2},"f":{"0":0,"1":0,"2":0,"3":0,"4":0,"5":0,"6":0},"b":{},"_coverageSchema":"1a1c01bbd47fc00a2c39e90264f33305004495a9","hash":"11a17a371951ffe5f9f2831039d7d5fde5f9ba7e"}
,"/Users/tonyalvarez/Springboard/35. Express and PostgreSQL/35.3 Node PG OO/express-lunchly/models/customer.js": {"path":"/Users/tonyalvarez/Springboard/35. Express and PostgreSQL/35.3 Node PG OO/express-lunchly/models/customer.js","statementMap":{"0":{"start":{"line":3,"column":11},"end":{"line":3,"column":27}},"1":{"start":{"line":4,"column":20},"end":{"line":4,"column":44}},"2":{"start":{"line":10,"column":4},"end":{"line":10,"column":17}},"3":{"start":{"line":11,"column":4},"end":{"line":11,"column":31}},"4":{"start":{"line":12,"column":4},"end":{"line":12,"column":29}},"5":{"start":{"line":13,"column":4},"end":{"line":13,"column":23}},"6":{"start":{"line":14,"column":4},"end":{"line":14,"column":23}},"7":{"start":{"line":20,"column":20},"end":{"line":28,"column":5}},"8":{"start":{"line":29,"column":4},"end":{"line":29,"column":50}},"9":{"start":{"line":29,"column":33},"end":{"line":29,"column":48}},"10":{"start":{"line":35,"column":20},"end":{"line":43,"column":5}},"11":{"start":{"line":45,"column":21},"end":{"line":45,"column":36}},"12":{"start":{"line":47,"column":4},"end":{"line":51,"column":5}},"13":{"start":{"line":48,"column":18},"end":{"line":48,"column":54}},"14":{"start":{"line":49,"column":6},"end":{"line":49,"column":23}},"15":{"start":{"line":50,"column":6},"end":{"line":50,"column":16}},"16":{"start":{"line":53,"column":4},"end":{"line":53,"column":34}},"17":{"start":{"line":58,"column":20},"end":{"line":64,"column":5}},"18":{"start":{"line":66,"column":4},"end":{"line":70,"column":5}},"19":{"start":{"line":67,"column":18},"end":{"line":67,"column":54}},"20":{"start":{"line":68,"column":6},"end":{"line":68,"column":23}},"21":{"start":{"line":69,"column":6},"end":{"line":69,"column":16}},"22":{"start":{"line":72,"column":36},"end":{"line":72,"column":51}},"23":{"start":{"line":74,"column":4},"end":{"line":74,"column":42}},"24":{"start":{"line":80,"column":4},"end":{"line":80,"column":65}},"25":{"start":{"line":86,"column":4},"end":{"line":100,"column":5}},"26":{"start":{"line":87,"column":21},"end":{"line":92,"column":7}},"27":{"start":{"line":93,"column":6},"end":{"line":93,"column":34}},"28":{"start":{"line":95,"column":6},"end":{"line":99,"column":8}},"29":{"start":{"line":104,"column":0},"end":{"line":104,"column":26}}},"fnMap":{"0":{"name":"(anonymous_0)","decl":{"start":{"line":9,"column":2},"end":{"line":9,"column":3}},"loc":{"start":{"line":9,"column":57},"end":{"line":15,"column":3}},"line":9},"1":{"name":"(anonymous_1)","decl":{"start":{"line":19,"column":2},"end":{"line":19,"column":3}},"loc":{"start":{"line":19,"column":21},"end":{"line":30,"column":3}},"line":19},"2":{"name":"(anonymous_2)","decl":{"start":{"line":29,"column":28},"end":{"line":29,"column":29}},"loc":{"start":{"line":29,"column":33},"end":{"line":29,"column":48}},"line":29},"3":{"name":"(anonymous_3)","decl":{"start":{"line":34,"column":2},"end":{"line":34,"column":3}},"loc":{"start":{"line":34,"column":23},"end":{"line":54,"column":3}},"line":34},"4":{"name":"(anonymous_4)","decl":{"start":{"line":57,"column":2},"end":{"line":57,"column":3}},"loc":{"start":{"line":57,"column":28},"end":{"line":75,"column":3}},"line":57},"5":{"name":"(anonymous_5)","decl":{"start":{"line":79,"column":2},"end":{"line":79,"column":3}},"loc":{"start":{"line":79,"column":26},"end":{"line":81,"column":3}},"line":79},"6":{"name":"(anonymous_6)","decl":{"start":{"line":85,"column":2},"end":{"line":85,"column":3}},"loc":{"start":{"line":85,"column":15},"end":{"line":101,"column":3}},"line":85}},"branchMap":{"0":{"loc":{"start":{"line":47,"column":4},"end":{"line":51,"column":5}},"type":"if","locations":[{"start":{"line":47,"column":4},"end":{"line":51,"column":5}},{"start":{},"end":{}}],"line":47},"1":{"loc":{"start":{"line":66,"column":4},"end":{"line":70,"column":5}},"type":"if","locations":[{"start":{"line":66,"column":4},"end":{"line":70,"column":5}},{"start":{},"end":{}}],"line":66},"2":{"loc":{"start":{"line":86,"column":4},"end":{"line":100,"column":5}},"type":"if","locations":[{"start":{"line":86,"column":4},"end":{"line":100,"column":5}},{"start":{"line":94,"column":11},"end":{"line":100,"column":5}}],"line":86}},"s":{"0":2,"1":2,"2":9,"3":9,"4":9,"5":9,"6":9,"7":1,"8":1,"9":3,"10":6,"11":6,"12":6,"13":1,"14":1,"15":1,"16":5,"17":2,"18":2,"19":1,"20":1,"21":1,"22":1,"23":1,"24":1,"25":2,"26":1,"27":1,"28":1,"29":2},"f":{"0":9,"1":1,"2":3,"3":6,"4":2,"5":1,"6":2},"b":{"0":[1,5],"1":[1,1],"2":[1,1]},"_coverageSchema":"1a1c01bbd47fc00a2c39e90264f33305004495a9","hash":"ff6b010d8c16f0acee817e2b803a3a7ce80ac282"}
,"/Users/tonyalvarez/Springboard/35. Express and PostgreSQL/35.3 Node PG OO/express-lunchly/models/reservation.js": {"path":"/Users/tonyalvarez/Springboard/35. Express and PostgreSQL/35.3 Node PG OO/express-lunchly/models/reservation.js","statementMap":{"0":{"start":{"line":3,"column":15},"end":{"line":3,"column":32}},"1":{"start":{"line":5,"column":11},"end":{"line":5,"column":27}},"2":{"start":{"line":12,"column":4},"end":{"line":12,"column":17}},"3":{"start":{"line":13,"column":4},"end":{"line":13,"column":33}},"4":{"start":{"line":14,"column":4},"end":{"line":14,"column":31}},"5":{"start":{"line":15,"column":4},"end":{"line":15,"column":27}},"6":{"start":{"line":16,"column":4},"end":{"line":16,"column":23}},"7":{"start":{"line":22,"column":4},"end":{"line":22,"column":63}},"8":{"start":{"line":28,"column":20},"end":{"line":37,"column":5}},"9":{"start":{"line":39,"column":4},"end":{"line":39,"column":57}},"10":{"start":{"line":39,"column":35},"end":{"line":39,"column":55}},"11":{"start":{"line":45,"column":4},"end":{"line":59,"column":5}},"12":{"start":{"line":46,"column":21},"end":{"line":51,"column":9}},"13":{"start":{"line":52,"column":8},"end":{"line":52,"column":36}},"14":{"start":{"line":54,"column":8},"end":{"line":58,"column":10}},"15":{"start":{"line":63,"column":0},"end":{"line":63,"column":29}}},"fnMap":{"0":{"name":"(anonymous_0)","decl":{"start":{"line":11,"column":2},"end":{"line":11,"column":3}},"loc":{"start":{"line":11,"column":59},"end":{"line":17,"column":3}},"line":11},"1":{"name":"(anonymous_1)","decl":{"start":{"line":21,"column":2},"end":{"line":21,"column":3}},"loc":{"start":{"line":21,"column":24},"end":{"line":23,"column":3}},"line":21},"2":{"name":"(anonymous_2)","decl":{"start":{"line":27,"column":2},"end":{"line":27,"column":3}},"loc":{"start":{"line":27,"column":54},"end":{"line":40,"column":3}},"line":27},"3":{"name":"(anonymous_3)","decl":{"start":{"line":39,"column":28},"end":{"line":39,"column":29}},"loc":{"start":{"line":39,"column":35},"end":{"line":39,"column":55}},"line":39},"4":{"name":"(anonymous_4)","decl":{"start":{"line":44,"column":2},"end":{"line":44,"column":3}},"loc":{"start":{"line":44,"column":15},"end":{"line":60,"column":3}},"line":44}},"branchMap":{"0":{"loc":{"start":{"line":45,"column":4},"end":{"line":59,"column":5}},"type":"if","locations":[{"start":{"line":45,"column":4},"end":{"line":59,"column":5}},{"start":{"line":53,"column":13},"end":{"line":59,"column":5}}],"line":45}},"s":{"0":2,"1":2,"2":12,"3":12,"4":12,"5":12,"6":12,"7":0,"8":5,"9":5,"10":11,"11":2,"12":1,"13":1,"14":1,"15":2},"f":{"0":12,"1":0,"2":5,"3":11,"4":2},"b":{"0":[1,1]},"_coverageSchema":"1a1c01bbd47fc00a2c39e90264f33305004495a9","hash":"3e92142938408bf3147b96165a45464b56e3c803"}
}
