TN:
SF:__test_setup.js
FN:5,setUp
FNF:1
FNH:1
FNDA:11,setUp
DA:1,2
DA:3,2
DA:6,11
DA:29,2
LF:4
LH:4
BRF:0
BRH:0
end_of_record
TN:
SF:app.js
FN:23,(anonymous_0)
FN:33,(anonymous_1)
FNF:2
FNH:0
FNDA:0,(anonymous_0)
FNDA:0,(anonymous_1)
DA:3,2
DA:4,2
DA:5,2
DA:6,2
DA:7,2
DA:9,2
DA:12,2
DA:14,2
DA:19,2
DA:23,2
DA:24,0
DA:25,0
DA:28,0
DA:33,2
DA:35,0
DA:36,0
DA:38,0
DA:41,2
LF:18
LH:12
BRDA:35,0,0,0
BRDA:35,0,1,0
BRF:2
BRH:0
end_of_record
TN:
SF:db.js
FNF:0
FNH:0
DA:5,2
DA:8,2
DA:12,2
DA:16,2
DA:18,2
LF:5
LH:5
BRDA:8,0,0,2
BRDA:8,0,1,0
BRF:2
BRH:1
end_of_record
TN:
SF:expressError.js
FN:7,(anonymous_0)
FNF:1
FNH:0
FNDA:0,(anonymous_0)
DA:8,0
DA:9,0
DA:10,0
DA:11,0
DA:15,2
LF:5
LH:1
BRF:0
BRH:0
end_of_record
TN:
SF:routes.js
FN:12,(anonymous_0)
FN:23,(anonymous_1)
FN:33,(anonymous_2)
FN:51,(anonymous_3)
FN:65,(anonymous_4)
FN:77,(anonymous_5)
FN:94,(anonymous_6)
FNF:7
FNH:0
FNDA:0,(anonymous_0)
FNDA:0,(anonymous_1)
FNDA:0,(anonymous_2)
FNDA:0,(anonymous_3)
FNDA:0,(anonymous_4)
FNDA:0,(anonymous_5)
FNDA:0,(anonymous_6)
DA:3,2
DA:5,2
DA:6,2
DA:8,2
DA:12,2
DA:13,0
DA:14,0
DA:15,0
DA:17,0
DA:23,2
DA:24,0
DA:25,0
DA:27,0
DA:33,2
DA:34,0
DA:35,0
DA:36,0
DA:37,0
DA:38,0
DA:40,0
DA:41,0
DA:43,0
DA:45,0
DA:51,2
DA:52,0
DA:53,0
DA:55,0
DA:57,0
DA:59,0
DA:65,2
DA:66,0
DA:67,0
DA:69,0
DA:71,0
DA:77,2
DA:78,0
DA:79,0
DA:80,0
DA:81,0
DA:82,0
DA:83,0
DA:84,0
DA:86,0
DA:88,0
DA:94,2
DA:95,0
DA:96,0
DA:97,0
DA:98,0
DA:99,0
DA:101,0
DA:107,0
DA:109,0
DA:111,0
DA:115,2
LF:55
LH:12
BRF:0
BRH:0
end_of_record
TN:
SF:models/customer.js
FN:9,(anonymous_0)
FN:19,(anonymous_1)
FN:29,(anonymous_2)
FN:34,(anonymous_3)
FN:57,(anonymous_4)
FN:79,(anonymous_5)
FN:85,(anonymous_6)
FNF:7
FNH:7
FNDA:9,(anonymous_0)
FNDA:1,(anonymous_1)
FNDA:3,(anonymous_2)
FNDA:6,(anonymous_3)
FNDA:2,(anonymous_4)
FNDA:1,(anonymous_5)
FNDA:2,(anonymous_6)
DA:3,2
DA:4,2
DA:10,9
DA:11,9
DA:12,9
DA:13,9
DA:14,9
DA:20,1
DA:29,3
DA:35,6
DA:45,6
DA:47,6
DA:48,1
DA:49,1
DA:50,1
DA:53,5
DA:58,2
DA:66,2
DA:67,1
DA:68,1
DA:69,1
DA:72,1
DA:74,1
DA:80,1
DA:86,2
DA:87,1
DA:93,1
DA:95,1
DA:104,2
LF:29
LH:29
BRDA:47,0,0,1
BRDA:47,0,1,5
BRDA:66,1,0,1
BRDA:66,1,1,1
BRDA:86,2,0,1
BRDA:86,2,1,1
BRF:6
BRH:6
end_of_record
TN:
SF:models/reservation.js
FN:11,(anonymous_0)
FN:21,(anonymous_1)
FN:27,(anonymous_2)
FN:39,(anonymous_3)
FN:44,(anonymous_4)
FNF:5
FNH:4
FNDA:12,(anonymous_0)
FNDA:0,(anonymous_1)
FNDA:5,(anonymous_2)
FNDA:11,(anonymous_3)
FNDA:2,(anonymous_4)
DA:3,2
DA:5,2
DA:12,12
DA:13,12
DA:14,12
DA:15,12
DA:16,12
DA:22,0
DA:28,5
DA:39,11
DA:45,2
DA:46,1
DA:52,1
DA:54,1
DA:63,2
LF:15
LH:14
BRDA:45,0,0,1
BRDA:45,0,1,1
BRF:2
BRH:2
end_of_record
