TN:
SF:__test_setup.js
FN:5,setUp
FNF:1
FNH:1
FNDA:15,setUp
DA:1,3
DA:3,3
DA:6,15
DA:29,3
LF:4
LH:4
BRF:0
BRH:0
end_of_record
TN:
SF:__test_tearDown.js
FN:5,tearDown
FNF:1
FNH:1
FNDA:4,tearDown
DA:1,1
DA:3,1
DA:6,4
DA:30,1
LF:4
LH:4
BRF:0
BRH:0
end_of_record
TN:
SF:app.js
FN:23,(anonymous_0)
FN:33,(anonymous_1)
FNF:2
FNH:1
FNDA:0,(anonymous_0)
FNDA:1,(anonymous_1)
DA:3,3
DA:4,3
DA:5,3
DA:6,3
DA:7,3
DA:9,3
DA:12,3
DA:14,3
DA:19,3
DA:23,3
DA:24,0
DA:25,0
DA:28,0
DA:33,3
DA:35,1
DA:36,1
DA:38,1
DA:41,3
LF:18
LH:15
BRDA:35,0,0,1
BRDA:35,0,1,1
BRF:2
BRH:2
end_of_record
TN:
SF:db.js
FNF:0
FNH:0
DA:5,3
DA:8,3
DA:12,3
DA:16,3
DA:18,3
LF:5
LH:5
BRDA:8,0,0,3
BRDA:8,0,1,0
BRF:2
BRH:1
end_of_record
TN:
SF:expressError.js
FN:7,(anonymous_0)
FNF:1
FNH:0
FNDA:0,(anonymous_0)
DA:8,0
DA:9,0
DA:10,0
DA:11,0
DA:15,3
LF:5
LH:1
BRF:0
BRH:0
end_of_record
TN:
SF:routes.js
FN:12,(anonymous_0)
FN:23,(anonymous_1)
FN:33,(anonymous_2)
FN:52,(anonymous_3)
FN:66,(anonymous_4)
FN:78,(anonymous_5)
FN:95,(anonymous_6)
FNF:7
FNH:2
FNDA:0,(anonymous_0)
FNDA:1,(anonymous_1)
FNDA:1,(anonymous_2)
FNDA:0,(anonymous_3)
FNDA:0,(anonymous_4)
FNDA:0,(anonymous_5)
FNDA:0,(anonymous_6)
DA:3,3
DA:5,3
DA:6,3
DA:8,3
DA:12,3
DA:13,0
DA:14,0
DA:15,0
DA:17,0
DA:23,3
DA:24,1
DA:25,1
DA:27,0
DA:33,3
DA:34,1
DA:35,1
DA:36,1
DA:37,1
DA:38,1
DA:40,1
DA:41,1
DA:42,1
DA:44,0
DA:46,1
DA:52,3
DA:53,0
DA:54,0
DA:56,0
DA:58,0
DA:60,0
DA:66,3
DA:67,0
DA:68,0
DA:70,0
DA:72,0
DA:78,3
DA:79,0
DA:80,0
DA:81,0
DA:82,0
DA:83,0
DA:84,0
DA:85,0
DA:87,0
DA:89,0
DA:95,3
DA:96,0
DA:97,0
DA:98,0
DA:99,0
DA:100,0
DA:102,0
DA:108,0
DA:110,0
DA:112,0
DA:116,3
LF:56
LH:23
BRF:0
BRH:0
end_of_record
TN:
SF:models/customer.js
FN:9,(anonymous_0)
FN:19,(anonymous_1)
FN:29,(anonymous_2)
FN:34,(anonymous_3)
FN:57,(anonymous_4)
FN:79,(anonymous_5)
FN:85,(anonymous_6)
FNF:7
FNH:5
FNDA:5,(anonymous_0)
FNDA:0,(anonymous_1)
FNDA:0,(anonymous_2)
FNDA:4,(anonymous_3)
FNDA:2,(anonymous_4)
FNDA:1,(anonymous_5)
FNDA:3,(anonymous_6)
DA:3,3
DA:4,3
DA:10,5
DA:11,5
DA:12,5
DA:13,5
DA:14,5
DA:20,0
DA:29,0
DA:35,4
DA:45,4
DA:47,4
DA:48,1
DA:49,1
DA:50,1
DA:53,3
DA:58,2
DA:66,2
DA:67,1
DA:68,1
DA:69,1
DA:72,1
DA:74,1
DA:80,1
DA:86,3
DA:87,2
DA:93,1
DA:95,1
DA:104,3
LF:29
LH:27
BRDA:47,0,0,1
BRDA:47,0,1,3
BRDA:66,1,0,1
BRDA:66,1,1,1
BRDA:86,2,0,2
BRDA:86,2,1,1
BRF:6
BRH:6
end_of_record
TN:
SF:models/reservation.js
FN:11,(anonymous_0)
FN:21,(anonymous_1)
FN:27,(anonymous_2)
FN:39,(anonymous_3)
FN:44,(anonymous_4)
FNF:5
FNH:4
FNDA:6,(anonymous_0)
FNDA:0,(anonymous_1)
FNDA:3,(anonymous_2)
FNDA:6,(anonymous_3)
FNDA:1,(anonymous_4)
DA:3,3
DA:5,3
DA:12,6
DA:13,6
DA:14,6
DA:15,6
DA:16,6
DA:22,0
DA:28,3
DA:39,6
DA:45,1
DA:46,0
DA:52,0
DA:54,1
DA:63,3
LF:15
LH:12
BRDA:45,0,0,0
BRDA:45,0,1,1
BRF:2
BRH:1
end_of_record
